# JRE version: Java(TM) SE Runtime Environment (8.0_201-b09) (build 1.8.0_201-b09)
# Java VM: Java HotSpot(TM) 64-Bit Server VM (25.201-b09 mixed mode linux-amd64 compressed oops)
Heap:
 PSYoungGen      total 36864K, used 6025K [0x00000000d6c00000, 0x00000000daf80000, 0x0000000100000000)
  eden space 31744K, 2% used [0x00000000d6c00000,0x00000000d6ce4a48,0x00000000d8b00000)
  from space 5120K, 99% used [0x00000000d8b00000,0x00000000d8ffdd38,0x00000000d9000000)
  to   space 5120K, 0% used [0x00000000daa80000,0x00000000daa80000,0x00000000daf80000)
 ParOldGen       total 84992K, used 16978K [0x0000000084400000, 0x0000000089700000, 0x00000000d6c00000)
  object space 84992K, 19% used [0x0000000084400000,0x0000000085494b48,0x0000000089700000)
 Metaspace       used 19972K, capacity 21116K, committed 21248K, reserved 1067008K
  class space    used 2711K, capacity 2959K, committed 3072K, reserved 1048576K
GC Heap History (6 events):
Event: 0.853 GC heap before
{Heap before GC invocations=1 (full 0):
 PSYoungGen      total 36864K, used 31744K [0x00000000d6c00000, 0x00000000d9500000, 0x0000000100000000)
  eden space 31744K, 100% used [0x00000000d6c00000,0x00000000d8b00000,0x00000000d8b00000)
  from space 5120K, 0% used [0x00000000d9000000,0x00000000d9000000,0x00000000d9500000)
  to   space 5120K, 0% used [0x00000000d8b00000,0x00000000d8b00000,0x00000000d9000000)
 ParOldGen       total 84992K, used 0K [0x0000000084400000, 0x0000000089700000, 0x00000000d6c00000)
  object space 84992K, 0% used [0x0000000084400000,0x0000000084400000,0x0000000089700000)
 Metaspace       used 12947K, capacity 13452K, committed 13696K, reserved 1060864K
  class space    used 1715K, capacity 1870K, committed 1920K, reserved 1048576K
Event: 0.865 GC heap after
Heap after GC invocations=1 (full 0):
 PSYoungGen      total 36864K, used 4000K [0x00000000d6c00000, 0x00000000db400000, 0x0000000100000000)
  eden space 31744K, 0% used [0x00000000d6c00000,0x00000000d6c00000,0x00000000d8b00000)
  from space 5120K, 78% used [0x00000000d8b00000,0x00000000d8ee8040,0x00000000d9000000)
  to   space 5120K, 0% used [0x00000000daf00000,0x00000000daf00000,0x00000000db400000)
 ParOldGen       total 84992K, used 72K [0x0000000084400000, 0x0000000089700000, 0x00000000d6c00000)
  object space 84992K, 0% used [0x0000000084400000,0x0000000084412010,0x0000000089700000)
 Metaspace       used 12947K, capacity 13452K, committed 13696K, reserved 1060864K
  class space    used 1715K, capacity 1870K, committed 1920K, reserved 1048576K
}
Event: 3.038 GC heap before
{Heap before GC invocations=2 (full 0):
 PSYoungGen      total 36864K, used 35744K [0x00000000d6c00000, 0x00000000db400000, 0x0000000100000000)
  eden space 31744K, 100% used [0x00000000d6c00000,0x00000000d8b00000,0x00000000d8b00000)
  from space 5120K, 78% used [0x00000000d8b00000,0x00000000d8ee8040,0x00000000d9000000)
  to   space 5120K, 0% used [0x00000000daf00000,0x00000000daf00000,0x00000000db400000)
 ParOldGen       total 84992K, used 72K [0x0000000084400000, 0x0000000089700000, 0x00000000d6c00000)
  object space 84992K, 0% used [0x0000000084400000,0x0000000084412010,0x0000000089700000)
 Metaspace       used 15935K, capacity 16626K, committed 16768K, reserved 1062912K
  class space    used 2196K, capacity 2418K, committed 2432K, reserved 1048576K
Event: 3.047 GC heap after
Heap after GC invocations=2 (full 0):
 PSYoungGen      total 36864K, used 5113K [0x00000000d6c00000, 0x00000000db400000, 0x0000000100000000)
  eden space 31744K, 0% used [0x00000000d6c00000,0x00000000d6c00000,0x00000000d8b00000)
  from space 5120K, 99% used [0x00000000daf00000,0x00000000db3fe458,0x00000000db400000)
  to   space 5120K, 0% used [0x00000000d8b00000,0x00000000d8b00000,0x00000000d9000000)
 ParOldGen       total 84992K, used 14120K [0x0000000084400000, 0x0000000089700000, 0x00000000d6c00000)
  object space 84992K, 16% used [0x0000000084400000,0x00000000851ca2f0,0x0000000089700000)
 Metaspace       used 15935K, capacity 16626K, committed 16768K, reserved 1062912K
  class space    used 2196K, capacity 2418K, committed 2432K, reserved 1048576K
}
Event: 13.635 GC heap before
{Heap before GC invocations=3 (full 0):
 PSYoungGen      total 36864K, used 36857K [0x00000000d6c00000, 0x00000000db400000, 0x0000000100000000)
  eden space 31744K, 100% used [0x00000000d6c00000,0x00000000d8b00000,0x00000000d8b00000)
  from space 5120K, 99% used [0x00000000daf00000,0x00000000db3fe458,0x00000000db400000)
  to   space 5120K, 0% used [0x00000000d8b00000,0x00000000d8b00000,0x00000000d9000000)
 ParOldGen       total 84992K, used 14120K [0x0000000084400000, 0x0000000089700000, 0x00000000d6c00000)
  object space 84992K, 16% used [0x0000000084400000,0x00000000851ca2f0,0x0000000089700000)
 Metaspace       used 19972K, capacity 21116K, committed 21248K, reserved 1067008K
  class space    used 2711K, capacity 2959K, committed 3072K, reserved 1048576K
Event: 13.642 GC heap after
Heap after GC invocations=3 (full 0):
 PSYoungGen      total 36864K, used 5111K [0x00000000d6c00000, 0x00000000daf80000, 0x0000000100000000)
  eden space 31744K, 0% used [0x00000000d6c00000,0x00000000d6c00000,0x00000000d8b00000)
  from space 5120K, 99% used [0x00000000d8b00000,0x00000000d8ffdd38,0x00000000d9000000)
  to   space 5120K, 0% used [0x00000000daa80000,0x00000000daa80000,0x00000000daf80000)
 ParOldGen       total 84992K, used 16978K [0x0000000084400000, 0x0000000089700000, 0x00000000d6c00000)
  object space 84992K, 19% used [0x0000000084400000,0x0000000085494b48,0x0000000089700000)
 Metaspace       used 19972K, capacity 21116K, committed 21248K, reserved 1067008K
  class space    used 2711K, capacity 2959K, committed 3072K, reserved 1048576K
}

